<?xml version="1.0" encoding="UTF-8"?>
<testsuite xmlns:xsi="http://www.w3.org/2001/XMLSchema-instance" xsi:noNamespaceSchemaLocation="https://maven.apache.org/surefire/maven-surefire-plugin/xsd/surefire-test-report-3.0.xsd" version="3.0" name="example.shoppingcart.ShoppingCartTest" time="0.026" tests="13" errors="0" skipped="0" failures="0">
  <properties>
[...]
</properties>
  <testcase name="calculateItemTotal_shouldThrow_whenQuantityNegative" classname="example.shoppingcart.ShoppingCartTest" time="0.003"/>
  <testcase name="selectLocale_shouldReturnSwedish" classname="example.shoppingcart.ShoppingCartTest" time="0.001"/>
  <testcase name="main_shouldExecuteFullFlow_withoutCrashing" classname="example.shoppingcart.ShoppingCartTest" time="0.013">
    <system-err><![CDATA[Apr 22, 2026 7:40:46 PM example.shoppingcart.ShoppingCart logInfo
INFO: Select language / Valitse kieli / Välj språk / 言語を選択:
Apr 22, 2026 7:40:46 PM example.shoppingcart.ShoppingCart logInfo
INFO: 1. English
2. Finnish
3. Swedish
4. Japanese
Apr 22, 2026 7:40:46 PM example.shoppingcart.ShoppingCart logInfo
INFO: Enter the number of items to purchase:
Apr 22, 2026 7:40:46 PM example.shoppingcart.ShoppingCart logInfo
INFO: Enter the price for item:
Apr 22, 2026 7:40:46 PM example.shoppingcart.ShoppingCart logInfo
INFO: Enter the quantity for item:
Apr 22, 2026 7:40:46 PM example.shoppingcart.ShoppingCart logInfo
INFO: Total cost: 20.0
]]></system-err>
  </testcase>
  <testcase name="calculateCartTotal_shouldThrow_whenNullPrices" classname="example.shoppingcart.ShoppingCartTest" time="0.001"/>
  <testcase name="calculateItemTotal_shouldThrow_whenPriceNegative" classname="example.shoppingcart.ShoppingCartTest" time="0.0"/>
  <testcase name="calculateCartTotal_shouldReturnCorrectSum" classname="example.shoppingcart.ShoppingCartTest" time="0.0"/>
  <testcase name="calculateCartTotal_shouldThrow_whenNullQuantities" classname="example.shoppingcart.ShoppingCartTest" time="0.0"/>
  <testcase name="selectLocale_shouldReturnFinnish" classname="example.shoppingcart.ShoppingCartTest" time="0.0"/>
  <testcase name="selectLocale_shouldReturnJapanese" classname="example.shoppingcart.ShoppingCartTest" time="0.001"/>
  <testcase name="calculateItemTotal_shouldReturnCorrectValue" classname="example.shoppingcart.ShoppingCartTest" time="0.0"/>
  <testcase name="selectLocale_shouldReturnEnglishExplicitly" classname="example.shoppingcart.ShoppingCartTest" time="0.0"/>
  <testcase name="selectLocale_shouldReturnDefaultEnglish" classname="example.shoppingcart.ShoppingCartTest" time="0.0"/>
  <testcase name="calculateCartTotal_shouldThrow_whenSizeMismatch" classname="example.shoppingcart.ShoppingCartTest" time="0.0"/>
</testsuite>